


ARM Macro Assembler    Page 1 


    1 00000000         ;******************** (C) COPYRIGHT 2015 STMicroelectron
                       ics ********************
    2 00000000         ;* File Name          : startup_stm32f091xc.s
    3 00000000         ;* Author             : MCD Application Team
    4 00000000         ;* Version            : V2.2.2
    5 00000000         ;* Date               : 26-June-2015
    6 00000000         ;* Description        : STM32F091xc/STM32F098xc devices 
                       vector table for MDK-ARM toolchain.
    7 00000000         ;*                      This module performs:
    8 00000000         ;*                      - Set the initial SP
    9 00000000         ;*                      - Set the initial PC == Reset_Ha
                       ndler
   10 00000000         ;*                      - Set the vector table entries w
                       ith the exceptions ISR address
   11 00000000         ;*                      - Branches to __main in the C li
                       brary (which eventually
   12 00000000         ;*                        calls main()).
   13 00000000         ;*                      After Reset the CortexM0 process
                       or is in Thread mode,
   14 00000000         ;*                      priority is Privileged, and the 
                       Stack is set to Main.
   15 00000000         ;* <<< Use Configuration Wizard in Context Menu >>>
   16 00000000         ;*******************************************************
                       ************************
   17 00000000         ;
   18 00000000         ;* Redistribution and use in source and binary forms, wi
                       th or without modification,
   19 00000000         ;* are permitted provided that the following conditions 
                       are met:
   20 00000000         ;*   1. Redistributions of source code must retain the a
                       bove copyright notice,
   21 00000000         ;*      this list of conditions and the following discla
                       imer.
   22 00000000         ;*   2. Redistributions in binary form must reproduce th
                       e above copyright notice,
   23 00000000         ;*      this list of conditions and the following discla
                       imer in the documentation
   24 00000000         ;*      and/or other materials provided with the distrib
                       ution.
   25 00000000         ;*   3. Neither the name of STMicroelectronics nor the n
                       ames of its contributors
   26 00000000         ;*      may be used to endorse or promote products deriv
                       ed from this software
   27 00000000         ;*      without specific prior written permission.
   28 00000000         ;*
   29 00000000         ;* THIS SOFTWARE IS PROVIDED BY THE COPYRIGHT HOLDERS AN
                       D CONTRIBUTORS "AS IS"
   30 00000000         ;* AND ANY EXPRESS OR IMPLIED WARRANTIES, INCLUDING, BUT
                        NOT LIMITED TO, THE
   31 00000000         ;* IMPLIED WARRANTIES OF MERCHANTABILITY AND FITNESS FOR
                        A PARTICULAR PURPOSE ARE
   32 00000000         ;* DISCLAIMED. IN NO EVENT SHALL THE COPYRIGHT HOLDER OR
                        CONTRIBUTORS BE LIABLE
   33 00000000         ;* FOR ANY DIRECT, INDIRECT, INCIDENTAL, SPECIAL, EXEMPL
                       ARY, OR CONSEQUENTIAL
   34 00000000         ;* DAMAGES (INCLUDING, BUT NOT LIMITED TO, PROCUREMENT O
                       F SUBSTITUTE GOODS OR
   35 00000000         ;* SERVICES; LOSS OF USE, DATA, OR PROFITS; OR BUSINESS 
                       INTERRUPTION) HOWEVER



ARM Macro Assembler    Page 2 


   36 00000000         ;* CAUSED AND ON ANY THEORY OF LIABILITY, WHETHER IN CON
                       TRACT, STRICT LIABILITY,
   37 00000000         ;* OR TORT (INCLUDING NEGLIGENCE OR OTHERWISE) ARISING I
                       N ANY WAY OUT OF THE USE
   38 00000000         ;* OF THIS SOFTWARE, EVEN IF ADVISED OF THE POSSIBILITY 
                       OF SUCH DAMAGE.
   39 00000000         ;
   40 00000000         ;*******************************************************
                       ************************ 
   41 00000000         ;
   42 00000000         ;  MODIFIED by Hexabitz for BitzOS (BOS) V0.1.6 - Copyri
                       ght (C) 2017-2019 Hexabitz
   43 00000000         ;    All rights reserved
   44 00000000         ;
   45 00000000         
   46 00000000         ; Amount of memory (in bytes) allocated for Stack
   47 00000000         ; Tailor this value to your application needs
   48 00000000         ; <h> Stack Configuration
   49 00000000         ;   <o> Stack Size (in Bytes) <0x0-0xFFFFFFFF:8>
   50 00000000         ; </h>
   51 00000000         
   52 00000000 00000400 
                       Stack_Size
                               EQU              0x00000400
   53 00000000         
   54 00000000                 AREA             STACK, NOINIT, READWRITE, ALIGN
=3
   55 00000000         Stack_Mem
                               SPACE            Stack_Size
   56 00000400         __initial_sp
   57 00000400         
   58 00000400         
   59 00000400         ; <h> Heap Configuration
   60 00000400         ;   <o>  Heap Size (in Bytes) <0x0-0xFFFFFFFF:8>
   61 00000400         ; </h>
   62 00000400         
   63 00000400 00000200 
                       Heap_Size
                               EQU              0x00000200
   64 00000400         
   65 00000400                 AREA             HEAP, NOINIT, READWRITE, ALIGN=
3
   66 00000000         __heap_base
   67 00000000         Heap_Mem
                               SPACE            Heap_Size
   68 00000200         __heap_limit
   69 00000200         
   70 00000200                 PRESERVE8
   71 00000200                 THUMB
   72 00000200         
   73 00000200         
   74 00000200         ; Vector Table Mapped to Address 0 at Reset
   75 00000200                 AREA             RESET, DATA, READONLY
   76 00000000                 EXPORT           __Vectors
   77 00000000                 EXPORT           __Vectors_End
   78 00000000                 EXPORT           __Vectors_Size
   79 00000000         
   80 00000000 00000000 
                       __Vectors



ARM Macro Assembler    Page 3 


                               DCD              __initial_sp ; Top of Stack
   81 00000004 00000000        DCD              Reset_Handler ; Reset Handler
   82 00000008 00000000        DCD              NMI_Handler ; NMI Handler
   83 0000000C 00000000        DCD              HardFault_Handler ; Hard Fault 
                                                            Handler
   84 00000010 00000000        DCD              0           ; Reserved
   85 00000014 00000000        DCD              0           ; Reserved
   86 00000018 00000000        DCD              0           ; Reserved
   87 0000001C 00000000        DCD              0           ; Reserved
   88 00000020 00000000        DCD              0           ; Reserved
   89 00000024 00000000        DCD              0           ; Reserved
   90 00000028 00000000        DCD              0           ; Reserved
   91 0000002C 00000000        DCD              SVC_Handler ; SVCall Handler
   92 00000030 00000000        DCD              0           ; Reserved
   93 00000034 00000000        DCD              0           ; Reserved
   94 00000038 00000000        DCD              PendSV_Handler ; PendSV Handler
                                                            
   95 0000003C 00000000        DCD              SysTick_Handler 
                                                            ; SysTick Handler
   96 00000040         
   97 00000040         ; External Interrupts
   98 00000040 00000000        DCD              WWDG_IRQHandler 
                                                            ; Window Watchdog
   99 00000044 00000000        DCD              PVD_VDDIO2_IRQHandler ; PVD thr
                                                            ough EXTI Line dete
                                                            ct
  100 00000048 00000000        DCD              RTC_IRQHandler ; RTC through EX
                                                            TI Line
  101 0000004C 00000000        DCD              FLASH_IRQHandler ; FLASH
  102 00000050 00000000        DCD              RCC_CRS_IRQHandler 
                                                            ; RCC and CRS
  103 00000054 00000000        DCD              EXTI0_1_IRQHandler 
                                                            ; EXTI Line 0 and 1
                                                            
  104 00000058 00000000        DCD              EXTI2_3_IRQHandler 
                                                            ; EXTI Line 2 and 3
                                                            
  105 0000005C 00000000        DCD              EXTI4_15_IRQHandler 
                                                            ; EXTI Line 4 to 15
                                                            
  106 00000060 00000000        DCD              TSC_IRQHandler ; TS
  107 00000064 00000000        DCD              DMA1_Ch1_IRQHandler 
                                                            ; DMA1 Channel 1
  108 00000068 00000000        DCD              DMA1_Ch2_3_DMA2_Ch1_2_IRQHandle
r 
                                                            ; DMA1 Channel 2 an
                                                            d 3 & DMA2 Channel 
                                                            1 and 2
  109 0000006C 00000000        DCD              DMA1_Ch4_7_DMA2_Ch3_5_IRQHandle
r 
                                                            ; DMA1 Channel 4 to
                                                             7 & DMA2 Channel 3
                                                             to 5 
  110 00000070 00000000        DCD              ADC1_COMP_IRQHandler ; ADC1, CO
                                                            MP1 and COMP2 
  111 00000074 00000000        DCD              TIM1_BRK_UP_TRG_COM_IRQHandler 
                                                            ; TIM1 Break, Updat
                                                            e, Trigger and Comm
                                                            utation



ARM Macro Assembler    Page 4 


  112 00000078 00000000        DCD              TIM1_CC_IRQHandler ; TIM1 Captu
                                                            re Compare
  113 0000007C 00000000        DCD              TIM2_IRQHandler ; TIM2
  114 00000080 00000000        DCD              TIM3_IRQHandler ; TIM3
  115 00000084 00000000        DCD              TIM6_DAC_IRQHandler 
                                                            ; TIM6 and DAC
  116 00000088 00000000        DCD              TIM7_IRQHandler ; TIM7
  117 0000008C 00000000        DCD              TIM14_IRQHandler ; TIM14
  118 00000090 00000000        DCD              TIM15_IRQHandler ; TIM15
  119 00000094 00000000        DCD              TIM16_IRQHandler ; TIM16
  120 00000098 00000000        DCD              TIM17_IRQHandler ; TIM17
  121 0000009C 00000000        DCD              I2C1_IRQHandler ; I2C1
  122 000000A0 00000000        DCD              I2C2_IRQHandler ; I2C2
  123 000000A4 00000000        DCD              SPI1_IRQHandler ; SPI1
  124 000000A8 00000000        DCD              SPI2_IRQHandler ; SPI2
  125 000000AC 00000000        DCD              USART1_IRQHandler ; USART1
  126 000000B0 00000000        DCD              USART2_IRQHandler ; USART2
  127 000000B4 00000000        DCD              USART3_8_IRQHandler ; USART3, U
                                                            SART4, USART5, USAR
                                                            T6, USART7, USART8
  128 000000B8 00000000        DCD              CEC_CAN_IRQHandler 
                                                            ; CEC and CAN
  129 000000BC         
  130 000000BC         __Vectors_End
  131 000000BC         
  132 000000BC 000000BC 
                       __Vectors_Size
                               EQU              __Vectors_End - __Vectors
  133 000000BC         
  134 000000BC                 AREA             |.text|, CODE, READONLY
  135 00000000         
  136 00000000         ;-------------------------------------------------------
                       -----------------------
  137 00000000         ; Modified Reset Handler for bootloader reboot (sourcer3
                       2@gmail.com)
  138 00000000         
  139 00000000         Reset_Handler
                               PROC
  140 00000000                 EXPORT           Reset_Handler             [WEAK
]
  141 00000000                 IMPORT           __main
  142 00000000         
  143 00000000 480D            LDR              R0, =0x20007FF0 ; Address for R
                                                            AM signature (STM32
                                                            F09x)
  144 00000002 490E            LDR              R1, =0xDEADBEEF
  145 00000004 6802            LDR              R2, [R0, #0] ; Read current
  146 00000006 6000            STR              R0, [R0, #0] ; Invalidate
  147 00000008 428A            CMP              R2, R1
  148 0000000A D0FE            BEQ              Reboot_Loader
  149 0000000C         
  150 0000000C         ; Normal startup path
  151 0000000C                 IMPORT           SystemInit
  152 0000000C 480C            LDR              R0, =SystemInit
  153 0000000E 4780            BLX              R0
  154 00000010 480C            LDR              R0, =__main
  155 00000012 4700            BX               R0
  156 00000014                 ENDP
  157 00000014         



ARM Macro Assembler    Page 5 


  158 00000014         ; Vector into System Loader
  159 00000014         Reboot_Loader
                               PROC
  160 00000014                 EXPORT           Reboot_Loader
  161 00000014 480C            LDR              R0, =0x40021018 ; RCC_APB2ENR (
                                                            +0x18)
  162 00000016 490D            LDR              R1, =0x00000001 ; ENABLE SYSCFG
                                                             CLOCK
  163 00000018 6001            STR              R1, [R0, #0]
  164 0000001A 480D            LDR              R0, =0x40010000 ; SYSCFG_CFGR1 
                                                            (+0x00)
  165 0000001C 490B            LDR              R1, =0x00000001 
                                                            ; MAP ROM AT ZERO
  166 0000001E 6001            STR              R1, [R0, #0]
  167 00000020         ;                LDR     R0, =0x1FFFEC00 ; ROM BASE (STM
                       32F03x)
  168 00000020         ;                LDR     R0, =0x1FFFC400 ; ROM BASE (STM
                       32F04x)
  169 00000020         ;                LDR     R0, =0x1FFFEC00 ; ROM BASE (STM
                       32F05x)
  170 00000020         ;                LDR     R0, =0x1FFFC800 ; ROM BASE (STM
                       32F07x)
  171 00000020 480C            LDR              R0, =0x1FFFD800 ; ROM BASE (STM
                                                            32F09x)
  172 00000022 6801            LDR              R1, [R0, #0] ; SP @ +0
  173 00000024 468D            MOV              SP, R1
  174 00000026 6840            LDR              R0, [R0, #4] ; PC @ +4
  175 00000028 4700            BX               R0
  176 0000002A                 ENDP
  177 0000002A         ;-------------------------------------------------------
                       -----------------------
  178 0000002A         
  179 0000002A         ; Dummy Exception Handlers (infinite loops which can be 
                       modified)
  180 0000002A         
  181 0000002A         NMI_Handler
                               PROC
  182 0000002A                 EXPORT           NMI_Handler                    
[WEAK]
  183 0000002A E7FE            B                .
  184 0000002C                 ENDP
  186 0000002C         HardFault_Handler
                               PROC
  187 0000002C                 EXPORT           HardFault_Handler              
[WEAK]
  188 0000002C E7FE            B                .
  189 0000002E                 ENDP
  190 0000002E         SVC_Handler
                               PROC
  191 0000002E                 EXPORT           SVC_Handler                    
[WEAK]
  192 0000002E E7FE            B                .
  193 00000030                 ENDP
  194 00000030         PendSV_Handler
                               PROC
  195 00000030                 EXPORT           PendSV_Handler                 
[WEAK]
  196 00000030 E7FE            B                .
  197 00000032                 ENDP



ARM Macro Assembler    Page 6 


  198 00000032         SysTick_Handler
                               PROC
  199 00000032                 EXPORT           SysTick_Handler                
[WEAK]
  200 00000032 E7FE            B                .
  201 00000034                 ENDP
  202 00000034         
  203 00000034         Default_Handler
                               PROC
  204 00000034         
  205 00000034                 EXPORT           WWDG_IRQHandler                
[WEAK]
  206 00000034                 EXPORT           PVD_VDDIO2_IRQHandler          
[WEAK]
  207 00000034                 EXPORT           RTC_IRQHandler                 
[WEAK]
  208 00000034                 EXPORT           FLASH_IRQHandler               
[WEAK]
  209 00000034                 EXPORT           RCC_CRS_IRQHandler             
[WEAK]
  210 00000034                 EXPORT           EXTI0_1_IRQHandler             
[WEAK]
  211 00000034                 EXPORT           EXTI2_3_IRQHandler             
[WEAK]
  212 00000034                 EXPORT           EXTI4_15_IRQHandler            
[WEAK]
  213 00000034                 EXPORT           TSC_IRQHandler                 
[WEAK]
  214 00000034                 EXPORT           DMA1_Ch1_IRQHandler            
[WEAK]
  215 00000034                 EXPORT           DMA1_Ch2_3_DMA2_Ch1_2_IRQHandle
r [WEAK]
  216 00000034                 EXPORT           DMA1_Ch4_7_DMA2_Ch3_5_IRQHandle
r [WEAK]
  217 00000034                 EXPORT           ADC1_COMP_IRQHandler           
[WEAK]
  218 00000034                 EXPORT           TIM1_BRK_UP_TRG_COM_IRQHandler 
[WEAK]
  219 00000034                 EXPORT           TIM1_CC_IRQHandler             
[WEAK]
  220 00000034                 EXPORT           TIM2_IRQHandler                
[WEAK]
  221 00000034                 EXPORT           TIM3_IRQHandler                
[WEAK]
  222 00000034                 EXPORT           TIM6_DAC_IRQHandler            
[WEAK]
  223 00000034                 EXPORT           TIM7_IRQHandler                
[WEAK]
  224 00000034                 EXPORT           TIM14_IRQHandler               
[WEAK]
  225 00000034                 EXPORT           TIM15_IRQHandler               
[WEAK]
  226 00000034                 EXPORT           TIM16_IRQHandler               
[WEAK]
  227 00000034                 EXPORT           TIM17_IRQHandler               
[WEAK]
  228 00000034                 EXPORT           I2C1_IRQHandler                
[WEAK]
  229 00000034                 EXPORT           I2C2_IRQHandler                



ARM Macro Assembler    Page 7 


[WEAK]
  230 00000034                 EXPORT           SPI1_IRQHandler                
[WEAK]
  231 00000034                 EXPORT           SPI2_IRQHandler                
[WEAK]
  232 00000034                 EXPORT           USART1_IRQHandler              
[WEAK]
  233 00000034                 EXPORT           USART2_IRQHandler              
[WEAK]
  234 00000034                 EXPORT           USART3_8_IRQHandler            
[WEAK]
  235 00000034                 EXPORT           CEC_CAN_IRQHandler             
[WEAK]
  236 00000034         
  237 00000034         
  238 00000034         WWDG_IRQHandler
  239 00000034         PVD_VDDIO2_IRQHandler
  240 00000034         RTC_IRQHandler
  241 00000034         FLASH_IRQHandler
  242 00000034         RCC_CRS_IRQHandler
  243 00000034         EXTI0_1_IRQHandler
  244 00000034         EXTI2_3_IRQHandler
  245 00000034         EXTI4_15_IRQHandler
  246 00000034         TSC_IRQHandler
  247 00000034         DMA1_Ch1_IRQHandler
  248 00000034         DMA1_Ch2_3_DMA2_Ch1_2_IRQHandler
  249 00000034         DMA1_Ch4_7_DMA2_Ch3_5_IRQHandler
  250 00000034         ADC1_COMP_IRQHandler
  251 00000034         TIM1_BRK_UP_TRG_COM_IRQHandler
  252 00000034         TIM1_CC_IRQHandler
  253 00000034         TIM2_IRQHandler
  254 00000034         TIM3_IRQHandler
  255 00000034         TIM6_DAC_IRQHandler
  256 00000034         TIM7_IRQHandler
  257 00000034         TIM14_IRQHandler
  258 00000034         TIM15_IRQHandler
  259 00000034         TIM16_IRQHandler
  260 00000034         TIM17_IRQHandler
  261 00000034         I2C1_IRQHandler
  262 00000034         I2C2_IRQHandler
  263 00000034         SPI1_IRQHandler
  264 00000034         SPI2_IRQHandler
  265 00000034         USART1_IRQHandler
  266 00000034         USART2_IRQHandler
  267 00000034         USART3_8_IRQHandler
  268 00000034         CEC_CAN_IRQHandler
  269 00000034         
  270 00000034 E7FE            B                .
  271 00000036         
  272 00000036                 ENDP
  273 00000036         
  274 00000036 00 00           ALIGN
  275 00000038         
  276 00000038         ;*******************************************************
                       ************************
  277 00000038         ; User Stack and Heap initialization
  278 00000038         ;*******************************************************
                       ************************
  279 00000038                 IF               :DEF:__MICROLIB



ARM Macro Assembler    Page 8 


  280 00000038         
  281 00000038                 EXPORT           __initial_sp
  282 00000038                 EXPORT           __heap_base
  283 00000038                 EXPORT           __heap_limit
  284 00000038         
  285 00000038                 ELSE
  300                          ENDIF
  301 00000038         
  302 00000038                 END
              20007FF0 
              DEADBEEF 
              00000000 
              00000000 
              40021018 
              00000001 
              40010000 
              1FFFD800 
Command Line: --debug --xref --diag_suppress=9931 --cpu=Cortex-M0 --apcs=interw
ork --depend=.\objects\startup_stm32f091xc.d -o.\objects\startup_stm32f091xc.o 
-ID:\keil\Keil\STM32F0xx_DFP\2.1.0\Drivers\CMSIS\Device\ST\STM32F0xx\Include -I
D:\keil\ARM\CMSIS\Include --predefine="__MICROLIB SETA 1" --predefine="__UVISIO
N_VERSION SETA 533" --predefine="STM32F091xC SETA 1" --list=.\listings\startup_
stm32f091xc.lst ..\H23Rx\startup_stm32f091xc.s



ARM Macro Assembler    Page 1 Alphabetic symbol ordering
Relocatable symbols

STACK 00000000

Symbol: STACK
   Definitions
      At line 54 in file ..\H23Rx\startup_stm32f091xc.s
   Uses
      None
Comment: STACK unused
Stack_Mem 00000000

Symbol: Stack_Mem
   Definitions
      At line 55 in file ..\H23Rx\startup_stm32f091xc.s
   Uses
      None
Comment: Stack_Mem unused
__initial_sp 00000400

Symbol: __initial_sp
   Definitions
      At line 56 in file ..\H23Rx\startup_stm32f091xc.s
   Uses
      At line 80 in file ..\H23Rx\startup_stm32f091xc.s
      At line 281 in file ..\H23Rx\startup_stm32f091xc.s

3 symbols



ARM Macro Assembler    Page 1 Alphabetic symbol ordering
Relocatable symbols

HEAP 00000000

Symbol: HEAP
   Definitions
      At line 65 in file ..\H23Rx\startup_stm32f091xc.s
   Uses
      None
Comment: HEAP unused
Heap_Mem 00000000

Symbol: Heap_Mem
   Definitions
      At line 67 in file ..\H23Rx\startup_stm32f091xc.s
   Uses
      None
Comment: Heap_Mem unused
__heap_base 00000000

Symbol: __heap_base
   Definitions
      At line 66 in file ..\H23Rx\startup_stm32f091xc.s
   Uses
      At line 282 in file ..\H23Rx\startup_stm32f091xc.s
Comment: __heap_base used once
__heap_limit 00000200

Symbol: __heap_limit
   Definitions
      At line 68 in file ..\H23Rx\startup_stm32f091xc.s
   Uses
      At line 283 in file ..\H23Rx\startup_stm32f091xc.s
Comment: __heap_limit used once
4 symbols



ARM Macro Assembler    Page 1 Alphabetic symbol ordering
Relocatable symbols

RESET 00000000

Symbol: RESET
   Definitions
      At line 75 in file ..\H23Rx\startup_stm32f091xc.s
   Uses
      None
Comment: RESET unused
__Vectors 00000000

Symbol: __Vectors
   Definitions
      At line 80 in file ..\H23Rx\startup_stm32f091xc.s
   Uses
      At line 76 in file ..\H23Rx\startup_stm32f091xc.s
      At line 132 in file ..\H23Rx\startup_stm32f091xc.s

__Vectors_End 000000BC

Symbol: __Vectors_End
   Definitions
      At line 130 in file ..\H23Rx\startup_stm32f091xc.s
   Uses
      At line 77 in file ..\H23Rx\startup_stm32f091xc.s
      At line 132 in file ..\H23Rx\startup_stm32f091xc.s

3 symbols



ARM Macro Assembler    Page 1 Alphabetic symbol ordering
Relocatable symbols

.text 00000000

Symbol: .text
   Definitions
      At line 134 in file ..\H23Rx\startup_stm32f091xc.s
   Uses
      None
Comment: .text unused
ADC1_COMP_IRQHandler 00000034

Symbol: ADC1_COMP_IRQHandler
   Definitions
      At line 250 in file ..\H23Rx\startup_stm32f091xc.s
   Uses
      At line 110 in file ..\H23Rx\startup_stm32f091xc.s
      At line 217 in file ..\H23Rx\startup_stm32f091xc.s

CEC_CAN_IRQHandler 00000034

Symbol: CEC_CAN_IRQHandler
   Definitions
      At line 268 in file ..\H23Rx\startup_stm32f091xc.s
   Uses
      At line 128 in file ..\H23Rx\startup_stm32f091xc.s
      At line 235 in file ..\H23Rx\startup_stm32f091xc.s

DMA1_Ch1_IRQHandler 00000034

Symbol: DMA1_Ch1_IRQHandler
   Definitions
      At line 247 in file ..\H23Rx\startup_stm32f091xc.s
   Uses
      At line 107 in file ..\H23Rx\startup_stm32f091xc.s
      At line 214 in file ..\H23Rx\startup_stm32f091xc.s

DMA1_Ch2_3_DMA2_Ch1_2_IRQHandler 00000034

Symbol: DMA1_Ch2_3_DMA2_Ch1_2_IRQHandler
   Definitions
      At line 248 in file ..\H23Rx\startup_stm32f091xc.s
   Uses
      At line 108 in file ..\H23Rx\startup_stm32f091xc.s
      At line 215 in file ..\H23Rx\startup_stm32f091xc.s

DMA1_Ch4_7_DMA2_Ch3_5_IRQHandler 00000034

Symbol: DMA1_Ch4_7_DMA2_Ch3_5_IRQHandler
   Definitions
      At line 249 in file ..\H23Rx\startup_stm32f091xc.s
   Uses
      At line 109 in file ..\H23Rx\startup_stm32f091xc.s
      At line 216 in file ..\H23Rx\startup_stm32f091xc.s

Default_Handler 00000034

Symbol: Default_Handler
   Definitions
      At line 203 in file ..\H23Rx\startup_stm32f091xc.s
   Uses



ARM Macro Assembler    Page 2 Alphabetic symbol ordering
Relocatable symbols

      None
Comment: Default_Handler unused
EXTI0_1_IRQHandler 00000034

Symbol: EXTI0_1_IRQHandler
   Definitions
      At line 243 in file ..\H23Rx\startup_stm32f091xc.s
   Uses
      At line 103 in file ..\H23Rx\startup_stm32f091xc.s
      At line 210 in file ..\H23Rx\startup_stm32f091xc.s

EXTI2_3_IRQHandler 00000034

Symbol: EXTI2_3_IRQHandler
   Definitions
      At line 244 in file ..\H23Rx\startup_stm32f091xc.s
   Uses
      At line 104 in file ..\H23Rx\startup_stm32f091xc.s
      At line 211 in file ..\H23Rx\startup_stm32f091xc.s

EXTI4_15_IRQHandler 00000034

Symbol: EXTI4_15_IRQHandler
   Definitions
      At line 245 in file ..\H23Rx\startup_stm32f091xc.s
   Uses
      At line 105 in file ..\H23Rx\startup_stm32f091xc.s
      At line 212 in file ..\H23Rx\startup_stm32f091xc.s

FLASH_IRQHandler 00000034

Symbol: FLASH_IRQHandler
   Definitions
      At line 241 in file ..\H23Rx\startup_stm32f091xc.s
   Uses
      At line 101 in file ..\H23Rx\startup_stm32f091xc.s
      At line 208 in file ..\H23Rx\startup_stm32f091xc.s

HardFault_Handler 0000002C

Symbol: HardFault_Handler
   Definitions
      At line 186 in file ..\H23Rx\startup_stm32f091xc.s
   Uses
      At line 83 in file ..\H23Rx\startup_stm32f091xc.s
      At line 187 in file ..\H23Rx\startup_stm32f091xc.s

I2C1_IRQHandler 00000034

Symbol: I2C1_IRQHandler
   Definitions
      At line 261 in file ..\H23Rx\startup_stm32f091xc.s
   Uses
      At line 121 in file ..\H23Rx\startup_stm32f091xc.s
      At line 228 in file ..\H23Rx\startup_stm32f091xc.s

I2C2_IRQHandler 00000034

Symbol: I2C2_IRQHandler



ARM Macro Assembler    Page 3 Alphabetic symbol ordering
Relocatable symbols

   Definitions
      At line 262 in file ..\H23Rx\startup_stm32f091xc.s
   Uses
      At line 122 in file ..\H23Rx\startup_stm32f091xc.s
      At line 229 in file ..\H23Rx\startup_stm32f091xc.s

NMI_Handler 0000002A

Symbol: NMI_Handler
   Definitions
      At line 181 in file ..\H23Rx\startup_stm32f091xc.s
   Uses
      At line 82 in file ..\H23Rx\startup_stm32f091xc.s
      At line 182 in file ..\H23Rx\startup_stm32f091xc.s

PVD_VDDIO2_IRQHandler 00000034

Symbol: PVD_VDDIO2_IRQHandler
   Definitions
      At line 239 in file ..\H23Rx\startup_stm32f091xc.s
   Uses
      At line 99 in file ..\H23Rx\startup_stm32f091xc.s
      At line 206 in file ..\H23Rx\startup_stm32f091xc.s

PendSV_Handler 00000030

Symbol: PendSV_Handler
   Definitions
      At line 194 in file ..\H23Rx\startup_stm32f091xc.s
   Uses
      At line 94 in file ..\H23Rx\startup_stm32f091xc.s
      At line 195 in file ..\H23Rx\startup_stm32f091xc.s

RCC_CRS_IRQHandler 00000034

Symbol: RCC_CRS_IRQHandler
   Definitions
      At line 242 in file ..\H23Rx\startup_stm32f091xc.s
   Uses
      At line 102 in file ..\H23Rx\startup_stm32f091xc.s
      At line 209 in file ..\H23Rx\startup_stm32f091xc.s

RTC_IRQHandler 00000034

Symbol: RTC_IRQHandler
   Definitions
      At line 240 in file ..\H23Rx\startup_stm32f091xc.s
   Uses
      At line 100 in file ..\H23Rx\startup_stm32f091xc.s
      At line 207 in file ..\H23Rx\startup_stm32f091xc.s

Reboot_Loader 00000014

Symbol: Reboot_Loader
   Definitions
      At line 159 in file ..\H23Rx\startup_stm32f091xc.s
   Uses
      At line 148 in file ..\H23Rx\startup_stm32f091xc.s
      At line 160 in file ..\H23Rx\startup_stm32f091xc.s



ARM Macro Assembler    Page 4 Alphabetic symbol ordering
Relocatable symbols


Reset_Handler 00000000

Symbol: Reset_Handler
   Definitions
      At line 139 in file ..\H23Rx\startup_stm32f091xc.s
   Uses
      At line 81 in file ..\H23Rx\startup_stm32f091xc.s
      At line 140 in file ..\H23Rx\startup_stm32f091xc.s

SPI1_IRQHandler 00000034

Symbol: SPI1_IRQHandler
   Definitions
      At line 263 in file ..\H23Rx\startup_stm32f091xc.s
   Uses
      At line 123 in file ..\H23Rx\startup_stm32f091xc.s
      At line 230 in file ..\H23Rx\startup_stm32f091xc.s

SPI2_IRQHandler 00000034

Symbol: SPI2_IRQHandler
   Definitions
      At line 264 in file ..\H23Rx\startup_stm32f091xc.s
   Uses
      At line 124 in file ..\H23Rx\startup_stm32f091xc.s
      At line 231 in file ..\H23Rx\startup_stm32f091xc.s

SVC_Handler 0000002E

Symbol: SVC_Handler
   Definitions
      At line 190 in file ..\H23Rx\startup_stm32f091xc.s
   Uses
      At line 91 in file ..\H23Rx\startup_stm32f091xc.s
      At line 191 in file ..\H23Rx\startup_stm32f091xc.s

SysTick_Handler 00000032

Symbol: SysTick_Handler
   Definitions
      At line 198 in file ..\H23Rx\startup_stm32f091xc.s
   Uses
      At line 95 in file ..\H23Rx\startup_stm32f091xc.s
      At line 199 in file ..\H23Rx\startup_stm32f091xc.s

TIM14_IRQHandler 00000034

Symbol: TIM14_IRQHandler
   Definitions
      At line 257 in file ..\H23Rx\startup_stm32f091xc.s
   Uses
      At line 117 in file ..\H23Rx\startup_stm32f091xc.s
      At line 224 in file ..\H23Rx\startup_stm32f091xc.s

TIM15_IRQHandler 00000034

Symbol: TIM15_IRQHandler
   Definitions



ARM Macro Assembler    Page 5 Alphabetic symbol ordering
Relocatable symbols

      At line 258 in file ..\H23Rx\startup_stm32f091xc.s
   Uses
      At line 118 in file ..\H23Rx\startup_stm32f091xc.s
      At line 225 in file ..\H23Rx\startup_stm32f091xc.s

TIM16_IRQHandler 00000034

Symbol: TIM16_IRQHandler
   Definitions
      At line 259 in file ..\H23Rx\startup_stm32f091xc.s
   Uses
      At line 119 in file ..\H23Rx\startup_stm32f091xc.s
      At line 226 in file ..\H23Rx\startup_stm32f091xc.s

TIM17_IRQHandler 00000034

Symbol: TIM17_IRQHandler
   Definitions
      At line 260 in file ..\H23Rx\startup_stm32f091xc.s
   Uses
      At line 120 in file ..\H23Rx\startup_stm32f091xc.s
      At line 227 in file ..\H23Rx\startup_stm32f091xc.s

TIM1_BRK_UP_TRG_COM_IRQHandler 00000034

Symbol: TIM1_BRK_UP_TRG_COM_IRQHandler
   Definitions
      At line 251 in file ..\H23Rx\startup_stm32f091xc.s
   Uses
      At line 111 in file ..\H23Rx\startup_stm32f091xc.s
      At line 218 in file ..\H23Rx\startup_stm32f091xc.s

TIM1_CC_IRQHandler 00000034

Symbol: TIM1_CC_IRQHandler
   Definitions
      At line 252 in file ..\H23Rx\startup_stm32f091xc.s
   Uses
      At line 112 in file ..\H23Rx\startup_stm32f091xc.s
      At line 219 in file ..\H23Rx\startup_stm32f091xc.s

TIM2_IRQHandler 00000034

Symbol: TIM2_IRQHandler
   Definitions
      At line 253 in file ..\H23Rx\startup_stm32f091xc.s
   Uses
      At line 113 in file ..\H23Rx\startup_stm32f091xc.s
      At line 220 in file ..\H23Rx\startup_stm32f091xc.s

TIM3_IRQHandler 00000034

Symbol: TIM3_IRQHandler
   Definitions
      At line 254 in file ..\H23Rx\startup_stm32f091xc.s
   Uses
      At line 114 in file ..\H23Rx\startup_stm32f091xc.s
      At line 221 in file ..\H23Rx\startup_stm32f091xc.s




ARM Macro Assembler    Page 6 Alphabetic symbol ordering
Relocatable symbols

TIM6_DAC_IRQHandler 00000034

Symbol: TIM6_DAC_IRQHandler
   Definitions
      At line 255 in file ..\H23Rx\startup_stm32f091xc.s
   Uses
      At line 115 in file ..\H23Rx\startup_stm32f091xc.s
      At line 222 in file ..\H23Rx\startup_stm32f091xc.s

TIM7_IRQHandler 00000034

Symbol: TIM7_IRQHandler
   Definitions
      At line 256 in file ..\H23Rx\startup_stm32f091xc.s
   Uses
      At line 116 in file ..\H23Rx\startup_stm32f091xc.s
      At line 223 in file ..\H23Rx\startup_stm32f091xc.s

TSC_IRQHandler 00000034

Symbol: TSC_IRQHandler
   Definitions
      At line 246 in file ..\H23Rx\startup_stm32f091xc.s
   Uses
      At line 106 in file ..\H23Rx\startup_stm32f091xc.s
      At line 213 in file ..\H23Rx\startup_stm32f091xc.s

USART1_IRQHandler 00000034

Symbol: USART1_IRQHandler
   Definitions
      At line 265 in file ..\H23Rx\startup_stm32f091xc.s
   Uses
      At line 125 in file ..\H23Rx\startup_stm32f091xc.s
      At line 232 in file ..\H23Rx\startup_stm32f091xc.s

USART2_IRQHandler 00000034

Symbol: USART2_IRQHandler
   Definitions
      At line 266 in file ..\H23Rx\startup_stm32f091xc.s
   Uses
      At line 126 in file ..\H23Rx\startup_stm32f091xc.s
      At line 233 in file ..\H23Rx\startup_stm32f091xc.s

USART3_8_IRQHandler 00000034

Symbol: USART3_8_IRQHandler
   Definitions
      At line 267 in file ..\H23Rx\startup_stm32f091xc.s
   Uses
      At line 127 in file ..\H23Rx\startup_stm32f091xc.s
      At line 234 in file ..\H23Rx\startup_stm32f091xc.s

WWDG_IRQHandler 00000034

Symbol: WWDG_IRQHandler
   Definitions
      At line 238 in file ..\H23Rx\startup_stm32f091xc.s



ARM Macro Assembler    Page 7 Alphabetic symbol ordering
Relocatable symbols

   Uses
      At line 98 in file ..\H23Rx\startup_stm32f091xc.s
      At line 205 in file ..\H23Rx\startup_stm32f091xc.s

40 symbols



ARM Macro Assembler    Page 1 Alphabetic symbol ordering
Absolute symbols

Heap_Size 00000200

Symbol: Heap_Size
   Definitions
      At line 63 in file ..\H23Rx\startup_stm32f091xc.s
   Uses
      At line 67 in file ..\H23Rx\startup_stm32f091xc.s
Comment: Heap_Size used once
Stack_Size 00000400

Symbol: Stack_Size
   Definitions
      At line 52 in file ..\H23Rx\startup_stm32f091xc.s
   Uses
      At line 55 in file ..\H23Rx\startup_stm32f091xc.s
Comment: Stack_Size used once
__Vectors_Size 000000BC

Symbol: __Vectors_Size
   Definitions
      At line 132 in file ..\H23Rx\startup_stm32f091xc.s
   Uses
      At line 78 in file ..\H23Rx\startup_stm32f091xc.s
Comment: __Vectors_Size used once
3 symbols



ARM Macro Assembler    Page 1 Alphabetic symbol ordering
External symbols

SystemInit 00000000

Symbol: SystemInit
   Definitions
      At line 151 in file ..\H23Rx\startup_stm32f091xc.s
   Uses
      At line 152 in file ..\H23Rx\startup_stm32f091xc.s
Comment: SystemInit used once
__main 00000000

Symbol: __main
   Definitions
      At line 141 in file ..\H23Rx\startup_stm32f091xc.s
   Uses
      At line 154 in file ..\H23Rx\startup_stm32f091xc.s
Comment: __main used once
2 symbols
390 symbols in table
